2022-02-17 01:14:03.883  INFO 18528 --- [restartedMain] c.m.assessment.AssessmentApplication     : Starting AssessmentApplication using Java 11.0.12 on HL51RN2 with PID 18528 (C:\Users\lonhky\Downloads\assessment\assessment\target\classes started by LONHKY in c:\Users\lonhky\Downloads\assessment\assessment)
2022-02-17 01:14:03.886  INFO 18528 --- [restartedMain] c.m.assessment.AssessmentApplication     : No active profile set, falling back to default profiles: default
2022-02-17 01:14:04.325  INFO 18528 --- [restartedMain] .s.d.r.c.RepositoryConfigurationDelegate : Bootstrapping Spring Data JPA repositories in DEFAULT mode.
2022-02-17 01:14:04.344  INFO 18528 --- [restartedMain] .s.d.r.c.RepositoryConfigurationDelegate : Finished Spring Data repository scanning in 15 ms. Found 1 JPA repository interfaces.
2022-02-17 01:14:04.523  INFO 18528 --- [restartedMain] o.s.b.w.embedded.tomcat.TomcatWebServer  : Tomcat initialized with port(s): 8082 (http)
2022-02-17 01:14:04.524  INFO 18528 --- [restartedMain] o.apache.catalina.core.StandardService   : Starting service [Tomcat]
2022-02-17 01:14:04.526  INFO 18528 --- [restartedMain] org.apache.catalina.core.StandardEngine  : Starting Servlet engine: [Apache Tomcat/9.0.56]
2022-02-17 01:14:04.559  INFO 18528 --- [restartedMain] o.a.c.c.C.[Tomcat].[localhost].[/]       : Initializing Spring embedded WebApplicationContext
2022-02-17 01:14:04.560  INFO 18528 --- [restartedMain] w.s.c.ServletWebServerApplicationContext : Root WebApplicationContext: initialization completed in 660 ms
2022-02-17 01:14:04.676  INFO 18528 --- [restartedMain] com.zaxxer.hikari.HikariDataSource       : HikariPool-4 - Starting...
2022-02-17 01:14:04.728  INFO 18528 --- [restartedMain] com.zaxxer.hikari.HikariDataSource       : HikariPool-4 - Start completed.
2022-02-17 01:14:06.936  INFO 18528 --- [restartedMain] j.LocalContainerEntityManagerFactoryBean : Initialized JPA EntityManagerFactory for persistence unit 'default'
2022-02-17 01:14:07.130  WARN 18528 --- [restartedMain] JpaBaseConfiguration$JpaWebConfiguration : spring.jpa.open-in-view is enabled by default. Therefore, database queries may be performed during view rendering. Explicitly configure spring.jpa.open-in-view to disable this warning
2022-02-17 01:14:07.225 DEBUG 18528 --- [restartedMain] s.w.s.m.m.a.RequestMappingHandlerAdapter : ControllerAdvice beans: 0 @ModelAttribute, 0 @InitBinder, 1 RequestBodyAdvice, 1 ResponseBodyAdvice
2022-02-17 01:14:07.239 DEBUG 18528 --- [restartedMain] s.w.s.m.m.a.RequestMappingHandlerMapping : 7 mappings in 'requestMappingHandlerMapping'
2022-02-17 01:14:07.283 DEBUG 18528 --- [restartedMain] o.s.w.s.handler.SimpleUrlHandlerMapping  : Patterns [/webjars/**, /**] in 'resourceHandlerMapping'
2022-02-17 01:14:07.302 DEBUG 18528 --- [restartedMain] .m.m.a.ExceptionHandlerExceptionResolver : ControllerAdvice beans: 0 @ExceptionHandler, 1 ResponseBodyAdvice
2022-02-17 01:14:07.447  INFO 18528 --- [restartedMain] o.s.b.d.a.OptionalLiveReloadServer       : LiveReload server is running on port 35729
2022-02-17 01:14:07.451  INFO 18528 --- [restartedMain] o.s.b.a.e.web.EndpointLinksResolver      : Exposing 14 endpoint(s) beneath base path '/actuator'
2022-02-17 01:14:07.482  INFO 18528 --- [restartedMain] o.s.b.w.embedded.tomcat.TomcatWebServer  : Tomcat started on port(s): 8082 (http) with context path ''
2022-02-17 01:14:07.495  INFO 18528 --- [restartedMain] c.m.assessment.AssessmentApplication     : Started AssessmentApplication in 3.684 seconds (JVM running for 190.32)
2022-02-17 01:14:07.499  INFO 18528 --- [restartedMain] .ConditionEvaluationDeltaLoggingListener : Condition evaluation unchanged
2022-02-17 01:14:09.776  INFO 18528 --- [Thread-15] j.LocalContainerEntityManagerFactoryBean : Closing JPA EntityManagerFactory for persistence unit 'default'
2022-02-17 01:14:09.777  INFO 18528 --- [Thread-15] com.zaxxer.hikari.HikariDataSource       : HikariPool-4 - Shutdown initiated...
2022-02-17 01:14:09.783  INFO 18528 --- [Thread-15] com.zaxxer.hikari.HikariDataSource       : HikariPool-4 - Shutdown completed.
2022-02-17 01:14:10.294  INFO 18528 --- [restartedMain] c.m.assessment.AssessmentApplication     : Starting AssessmentApplication using Java 11.0.12 on HL51RN2 with PID 18528 (C:\Users\lonhky\Downloads\assessment\assessment\target\classes started by LONHKY in c:\Users\lonhky\Downloads\assessment\assessment)
2022-02-17 01:14:10.304  INFO 18528 --- [restartedMain] c.m.assessment.AssessmentApplication     : No active profile set, falling back to default profiles: default
2022-02-17 01:14:11.236  INFO 18528 --- [restartedMain] .s.d.r.c.RepositoryConfigurationDelegate : Bootstrapping Spring Data JPA repositories in DEFAULT mode.
2022-02-17 01:14:11.246  INFO 18528 --- [restartedMain] .s.d.r.c.RepositoryConfigurationDelegate : Finished Spring Data repository scanning in 7 ms. Found 1 JPA repository interfaces.
2022-02-17 01:14:11.415  INFO 18528 --- [restartedMain] o.s.b.w.embedded.tomcat.TomcatWebServer  : Tomcat initialized with port(s): 8082 (http)
2022-02-17 01:14:11.416  INFO 18528 --- [restartedMain] o.apache.catalina.core.StandardService   : Starting service [Tomcat]
2022-02-17 01:14:11.417  INFO 18528 --- [restartedMain] org.apache.catalina.core.StandardEngine  : Starting Servlet engine: [Apache Tomcat/9.0.56]
2022-02-17 01:14:11.480  INFO 18528 --- [restartedMain] o.a.c.c.C.[Tomcat].[localhost].[/]       : Initializing Spring embedded WebApplicationContext
2022-02-17 01:14:11.481  INFO 18528 --- [restartedMain] w.s.c.ServletWebServerApplicationContext : Root WebApplicationContext: initialization completed in 1167 ms
2022-02-17 01:14:11.596  INFO 18528 --- [restartedMain] com.zaxxer.hikari.HikariDataSource       : HikariPool-5 - Starting...
2022-02-17 01:14:11.629  INFO 18528 --- [restartedMain] com.zaxxer.hikari.HikariDataSource       : HikariPool-5 - Start completed.
2022-02-17 01:14:13.250  INFO 18528 --- [restartedMain] j.LocalContainerEntityManagerFactoryBean : Initialized JPA EntityManagerFactory for persistence unit 'default'
2022-02-17 01:14:13.345  WARN 18528 --- [restartedMain] JpaBaseConfiguration$JpaWebConfiguration : spring.jpa.open-in-view is enabled by default. Therefore, database queries may be performed during view rendering. Explicitly configure spring.jpa.open-in-view to disable this warning
2022-02-17 01:14:13.399 DEBUG 18528 --- [restartedMain] s.w.s.m.m.a.RequestMappingHandlerAdapter : ControllerAdvice beans: 0 @ModelAttribute, 0 @InitBinder, 1 RequestBodyAdvice, 1 ResponseBodyAdvice
2022-02-17 01:14:13.426 DEBUG 18528 --- [restartedMain] s.w.s.m.m.a.RequestMappingHandlerMapping : 7 mappings in 'requestMappingHandlerMapping'
2022-02-17 01:14:13.458 DEBUG 18528 --- [restartedMain] o.s.w.s.handler.SimpleUrlHandlerMapping  : Patterns [/webjars/**, /**] in 'resourceHandlerMapping'
2022-02-17 01:14:13.472 DEBUG 18528 --- [restartedMain] .m.m.a.ExceptionHandlerExceptionResolver : ControllerAdvice beans: 0 @ExceptionHandler, 1 ResponseBodyAdvice
2022-02-17 01:14:13.627  INFO 18528 --- [restartedMain] o.s.b.d.a.OptionalLiveReloadServer       : LiveReload server is running on port 35729
2022-02-17 01:14:13.634  INFO 18528 --- [restartedMain] o.s.b.a.e.web.EndpointLinksResolver      : Exposing 14 endpoint(s) beneath base path '/actuator'
2022-02-17 01:14:13.665  INFO 18528 --- [restartedMain] o.s.b.w.embedded.tomcat.TomcatWebServer  : Tomcat started on port(s): 8082 (http) with context path ''
2022-02-17 01:14:13.685  INFO 18528 --- [restartedMain] c.m.assessment.AssessmentApplication     : Started AssessmentApplication in 3.572 seconds (JVM running for 196.511)
2022-02-17 01:14:13.689  INFO 18528 --- [restartedMain] .ConditionEvaluationDeltaLoggingListener : Condition evaluation unchanged
2022-02-17 01:15:01.992  INFO 18528 --- [Thread-19] j.LocalContainerEntityManagerFactoryBean : Closing JPA EntityManagerFactory for persistence unit 'default'
2022-02-17 01:15:01.994  INFO 18528 --- [Thread-19] com.zaxxer.hikari.HikariDataSource       : HikariPool-5 - Shutdown initiated...
2022-02-17 01:15:01.998  INFO 18528 --- [Thread-19] com.zaxxer.hikari.HikariDataSource       : HikariPool-5 - Shutdown completed.
